2025-07-04T23:58:25: C:\PROGRAM FILES\NODEJS\NPM.CMD:1
2025-07-04T23:58:25: :: Created by npm, please don't edit manually.
2025-07-04T23:58:25: ^
2025-07-04T23:58:25: 
2025-07-04T23:58:25: SyntaxError: Unexpected token ':'
2025-07-04T23:58:25:     at wrapSafe (node:internal/modules/cjs/loader:1662:18)
2025-07-04T23:58:25:     at Module._compile (node:internal/modules/cjs/loader:1704:20)
2025-07-04T23:58:25:     at Object..js (node:internal/modules/cjs/loader:1895:10)
2025-07-04T23:58:25:     at Module.load (node:internal/modules/cjs/loader:1465:32)
2025-07-04T23:58:25:     at Function._load (node:internal/modules/cjs/loader:1282:12)
2025-07-04T23:58:25:     at TracingChannel.traceSync (node:diagnostics_channel:322:14)
2025-07-04T23:58:25:     at wrapModuleLoad (node:internal/modules/cjs/loader:235:24)
2025-07-04T23:58:25:     at Function.executeUserEntryPoint [as runMain] (node:internal/modules/run_main:171:5)
2025-07-04T23:58:25:     at node:internal/main/run_main_module:36:49
2025-07-04T23:58:25: 
2025-07-04T23:58:25: Node.js v22.17.0
2025-07-04T23:58:25: C:\PROGRAM FILES\NODEJS\NPM.CMD:1
2025-07-04T23:58:25: :: Created by npm, please don't edit manually.
2025-07-04T23:58:25: ^
2025-07-04T23:58:25: 
2025-07-04T23:58:25: SyntaxError: Unexpected token ':'
2025-07-04T23:58:25:     at wrapSafe (node:internal/modules/cjs/loader:1662:18)
2025-07-04T23:58:25:     at Module._compile (node:internal/modules/cjs/loader:1704:20)
2025-07-04T23:58:25:     at Object..js (node:internal/modules/cjs/loader:1895:10)
2025-07-04T23:58:25:     at Module.load (node:internal/modules/cjs/loader:1465:32)
2025-07-04T23:58:25:     at Function._load (node:internal/modules/cjs/loader:1282:12)
2025-07-04T23:58:25:     at TracingChannel.traceSync (node:diagnostics_channel:322:14)
2025-07-04T23:58:25:     at wrapModuleLoad (node:internal/modules/cjs/loader:235:24)
2025-07-04T23:58:25:     at Function.executeUserEntryPoint [as runMain] (node:internal/modules/run_main:171:5)
2025-07-04T23:58:25:     at node:internal/main/run_main_module:36:49
2025-07-04T23:58:25: 
2025-07-04T23:58:25: Node.js v22.17.0
2025-07-04T23:58:25: C:\PROGRAM FILES\NODEJS\NPM.CMD:1
2025-07-04T23:58:25: :: Created by npm, please don't edit manually.
2025-07-04T23:58:25: ^
2025-07-04T23:58:25: 
2025-07-04T23:58:25: SyntaxError: Unexpected token ':'
2025-07-04T23:58:25:     at wrapSafe (node:internal/modules/cjs/loader:1662:18)
2025-07-04T23:58:25:     at Module._compile (node:internal/modules/cjs/loader:1704:20)
2025-07-04T23:58:25:     at Object..js (node:internal/modules/cjs/loader:1895:10)
2025-07-04T23:58:25:     at Module.load (node:internal/modules/cjs/loader:1465:32)
2025-07-04T23:58:25:     at Function._load (node:internal/modules/cjs/loader:1282:12)
2025-07-04T23:58:25:     at TracingChannel.traceSync (node:diagnostics_channel:322:14)
2025-07-04T23:58:25:     at wrapModuleLoad (node:internal/modules/cjs/loader:235:24)
2025-07-04T23:58:25:     at Function.executeUserEntryPoint [as runMain] (node:internal/modules/run_main:171:5)
2025-07-04T23:58:25:     at node:internal/main/run_main_module:36:49
2025-07-04T23:58:25: 
2025-07-04T23:58:25: Node.js v22.17.0
2025-07-04T23:58:25: C:\PROGRAM FILES\NODEJS\NPM.CMD:1
2025-07-04T23:58:25: :: Created by npm, please don't edit manually.
2025-07-04T23:58:25: ^
2025-07-04T23:58:25: 
2025-07-04T23:58:25: SyntaxError: Unexpected token ':'
2025-07-04T23:58:25:     at wrapSafe (node:internal/modules/cjs/loader:1662:18)
2025-07-04T23:58:25:     at Module._compile (node:internal/modules/cjs/loader:1704:20)
2025-07-04T23:58:25:     at Object..js (node:internal/modules/cjs/loader:1895:10)
2025-07-04T23:58:25:     at Module.load (node:internal/modules/cjs/loader:1465:32)
2025-07-04T23:58:25:     at Function._load (node:internal/modules/cjs/loader:1282:12)
2025-07-04T23:58:25:     at TracingChannel.traceSync (node:diagnostics_channel:322:14)
2025-07-04T23:58:25:     at wrapModuleLoad (node:internal/modules/cjs/loader:235:24)
2025-07-04T23:58:25:     at Function.executeUserEntryPoint [as runMain] (node:internal/modules/run_main:171:5)
2025-07-04T23:58:25:     at node:internal/main/run_main_module:36:49
2025-07-04T23:58:25: 
2025-07-04T23:58:25: Node.js v22.17.0
2025-07-04T23:58:25: C:\PROGRAM FILES\NODEJS\NPM.CMD:1
2025-07-04T23:58:25: :: Created by npm, please don't edit manually.
2025-07-04T23:58:25: ^
2025-07-04T23:58:25: 
2025-07-04T23:58:25: SyntaxError: Unexpected token ':'
2025-07-04T23:58:25:     at wrapSafe (node:internal/modules/cjs/loader:1662:18)
2025-07-04T23:58:25:     at Module._compile (node:internal/modules/cjs/loader:1704:20)
2025-07-04T23:58:25:     at Object..js (node:internal/modules/cjs/loader:1895:10)
2025-07-04T23:58:25:     at Module.load (node:internal/modules/cjs/loader:1465:32)
2025-07-04T23:58:25:     at Function._load (node:internal/modules/cjs/loader:1282:12)
2025-07-04T23:58:25:     at TracingChannel.traceSync (node:diagnostics_channel:322:14)
2025-07-04T23:58:25:     at wrapModuleLoad (node:internal/modules/cjs/loader:235:24)
2025-07-04T23:58:25:     at Function.executeUserEntryPoint [as runMain] (node:internal/modules/run_main:171:5)
2025-07-04T23:58:25:     at node:internal/main/run_main_module:36:49
2025-07-04T23:58:25: 
2025-07-04T23:58:25: Node.js v22.17.0
2025-07-04T23:58:25: C:\PROGRAM FILES\NODEJS\NPM.CMD:1
2025-07-04T23:58:25: :: Created by npm, please don't edit manually.
2025-07-04T23:58:25: ^
2025-07-04T23:58:25: 
2025-07-04T23:58:25: SyntaxError: Unexpected token ':'
2025-07-04T23:58:25:     at wrapSafe (node:internal/modules/cjs/loader:1662:18)
2025-07-04T23:58:25:     at Module._compile (node:internal/modules/cjs/loader:1704:20)
2025-07-04T23:58:25:     at Object..js (node:internal/modules/cjs/loader:1895:10)
2025-07-04T23:58:25:     at Module.load (node:internal/modules/cjs/loader:1465:32)
2025-07-04T23:58:25:     at Function._load (node:internal/modules/cjs/loader:1282:12)
2025-07-04T23:58:25:     at TracingChannel.traceSync (node:diagnostics_channel:322:14)
2025-07-04T23:58:25:     at wrapModuleLoad (node:internal/modules/cjs/loader:235:24)
2025-07-04T23:58:25:     at Function.executeUserEntryPoint [as runMain] (node:internal/modules/run_main:171:5)
2025-07-04T23:58:25:     at node:internal/main/run_main_module:36:49
2025-07-04T23:58:25: 
2025-07-04T23:58:25: Node.js v22.17.0
2025-07-04T23:58:25: C:\PROGRAM FILES\NODEJS\NPM.CMD:1
2025-07-04T23:58:25: :: Created by npm, please don't edit manually.
2025-07-04T23:58:25: ^
2025-07-04T23:58:25: 
2025-07-04T23:58:25: SyntaxError: Unexpected token ':'
2025-07-04T23:58:25:     at wrapSafe (node:internal/modules/cjs/loader:1662:18)
2025-07-04T23:58:25:     at Module._compile (node:internal/modules/cjs/loader:1704:20)
2025-07-04T23:58:25:     at Object..js (node:internal/modules/cjs/loader:1895:10)
2025-07-04T23:58:25:     at Module.load (node:internal/modules/cjs/loader:1465:32)
2025-07-04T23:58:25:     at Function._load (node:internal/modules/cjs/loader:1282:12)
2025-07-04T23:58:25:     at TracingChannel.traceSync (node:diagnostics_channel:322:14)
2025-07-04T23:58:25:     at wrapModuleLoad (node:internal/modules/cjs/loader:235:24)
2025-07-04T23:58:25:     at Function.executeUserEntryPoint [as runMain] (node:internal/modules/run_main:171:5)
2025-07-04T23:58:25:     at node:internal/main/run_main_module:36:49
2025-07-04T23:58:25: 
2025-07-04T23:58:25: Node.js v22.17.0
2025-07-04T23:58:25: C:\PROGRAM FILES\NODEJS\NPM.CMD:1
2025-07-04T23:58:25: :: Created by npm, please don't edit manually.
2025-07-04T23:58:25: ^
2025-07-04T23:58:25: 
2025-07-04T23:58:25: SyntaxError: Unexpected token ':'
2025-07-04T23:58:25:     at wrapSafe (node:internal/modules/cjs/loader:1662:18)
2025-07-04T23:58:25:     at Module._compile (node:internal/modules/cjs/loader:1704:20)
2025-07-04T23:58:25:     at Object..js (node:internal/modules/cjs/loader:1895:10)
2025-07-04T23:58:25:     at Module.load (node:internal/modules/cjs/loader:1465:32)
2025-07-04T23:58:25:     at Function._load (node:internal/modules/cjs/loader:1282:12)
2025-07-04T23:58:25:     at TracingChannel.traceSync (node:diagnostics_channel:322:14)
2025-07-04T23:58:25:     at wrapModuleLoad (node:internal/modules/cjs/loader:235:24)
2025-07-04T23:58:25:     at Function.executeUserEntryPoint [as runMain] (node:internal/modules/run_main:171:5)
2025-07-04T23:58:25:     at node:internal/main/run_main_module:36:49
2025-07-04T23:58:25: 
2025-07-04T23:58:25: Node.js v22.17.0
2025-07-04T23:58:26: C:\PROGRAM FILES\NODEJS\NPM.CMD:1
2025-07-04T23:58:26: :: Created by npm, please don't edit manually.
2025-07-04T23:58:26: ^
2025-07-04T23:58:26: 
2025-07-04T23:58:26: SyntaxError: Unexpected token ':'
2025-07-04T23:58:26:     at wrapSafe (node:internal/modules/cjs/loader:1662:18)
2025-07-04T23:58:26:     at Module._compile (node:internal/modules/cjs/loader:1704:20)
2025-07-04T23:58:26:     at Object..js (node:internal/modules/cjs/loader:1895:10)
2025-07-04T23:58:26:     at Module.load (node:internal/modules/cjs/loader:1465:32)
2025-07-04T23:58:26:     at Function._load (node:internal/modules/cjs/loader:1282:12)
2025-07-04T23:58:26:     at TracingChannel.traceSync (node:diagnostics_channel:322:14)
2025-07-04T23:58:26:     at wrapModuleLoad (node:internal/modules/cjs/loader:235:24)
2025-07-04T23:58:26:     at Function.executeUserEntryPoint [as runMain] (node:internal/modules/run_main:171:5)
2025-07-04T23:58:26:     at node:internal/main/run_main_module:36:49
2025-07-04T23:58:26: 
2025-07-04T23:58:26: Node.js v22.17.0
2025-07-04T23:58:26: C:\PROGRAM FILES\NODEJS\NPM.CMD:1
2025-07-04T23:58:26: :: Created by npm, please don't edit manually.
2025-07-04T23:58:26: ^
2025-07-04T23:58:26: 
2025-07-04T23:58:26: SyntaxError: Unexpected token ':'
2025-07-04T23:58:26:     at wrapSafe (node:internal/modules/cjs/loader:1662:18)
2025-07-04T23:58:26:     at Module._compile (node:internal/modules/cjs/loader:1704:20)
2025-07-04T23:58:26:     at Object..js (node:internal/modules/cjs/loader:1895:10)
2025-07-04T23:58:26:     at Module.load (node:internal/modules/cjs/loader:1465:32)
2025-07-04T23:58:26:     at Function._load (node:internal/modules/cjs/loader:1282:12)
2025-07-04T23:58:26:     at TracingChannel.traceSync (node:diagnostics_channel:322:14)
2025-07-04T23:58:26:     at wrapModuleLoad (node:internal/modules/cjs/loader:235:24)
2025-07-04T23:58:26:     at Function.executeUserEntryPoint [as runMain] (node:internal/modules/run_main:171:5)
2025-07-04T23:58:26:     at node:internal/main/run_main_module:36:49
2025-07-04T23:58:26: 
2025-07-04T23:58:26: Node.js v22.17.0
2025-07-04T23:58:26: C:\PROGRAM FILES\NODEJS\NPM.CMD:1
2025-07-04T23:58:26: :: Created by npm, please don't edit manually.
2025-07-04T23:58:26: ^
2025-07-04T23:58:26: 
2025-07-04T23:58:26: SyntaxError: Unexpected token ':'
2025-07-04T23:58:26:     at wrapSafe (node:internal/modules/cjs/loader:1662:18)
2025-07-04T23:58:26:     at Module._compile (node:internal/modules/cjs/loader:1704:20)
2025-07-04T23:58:26:     at Object..js (node:internal/modules/cjs/loader:1895:10)
2025-07-04T23:58:26:     at Module.load (node:internal/modules/cjs/loader:1465:32)
2025-07-04T23:58:26:     at Function._load (node:internal/modules/cjs/loader:1282:12)
2025-07-04T23:58:26:     at TracingChannel.traceSync (node:diagnostics_channel:322:14)
2025-07-04T23:58:26:     at wrapModuleLoad (node:internal/modules/cjs/loader:235:24)
2025-07-04T23:58:26:     at Function.executeUserEntryPoint [as runMain] (node:internal/modules/run_main:171:5)
2025-07-04T23:58:26:     at node:internal/main/run_main_module:36:49
2025-07-04T23:58:26: 
2025-07-04T23:58:26: Node.js v22.17.0
2025-07-04T23:58:26: C:\PROGRAM FILES\NODEJS\NPM.CMD:1
2025-07-04T23:58:26: :: Created by npm, please don't edit manually.
2025-07-04T23:58:26: ^
2025-07-04T23:58:26: 
2025-07-04T23:58:26: SyntaxError: Unexpected token ':'
2025-07-04T23:58:26:     at wrapSafe (node:internal/modules/cjs/loader:1662:18)
2025-07-04T23:58:26:     at Module._compile (node:internal/modules/cjs/loader:1704:20)
2025-07-04T23:58:26:     at Object..js (node:internal/modules/cjs/loader:1895:10)
2025-07-04T23:58:26:     at Module.load (node:internal/modules/cjs/loader:1465:32)
2025-07-04T23:58:26:     at Function._load (node:internal/modules/cjs/loader:1282:12)
2025-07-04T23:58:26:     at TracingChannel.traceSync (node:diagnostics_channel:322:14)
2025-07-04T23:58:26:     at wrapModuleLoad (node:internal/modules/cjs/loader:235:24)
2025-07-04T23:58:26:     at Function.executeUserEntryPoint [as runMain] (node:internal/modules/run_main:171:5)
2025-07-04T23:58:26:     at node:internal/main/run_main_module:36:49
2025-07-04T23:58:26: 
2025-07-04T23:58:26: Node.js v22.17.0
2025-07-04T23:58:26: C:\PROGRAM FILES\NODEJS\NPM.CMD:1
2025-07-04T23:58:26: :: Created by npm, please don't edit manually.
2025-07-04T23:58:26: ^
2025-07-04T23:58:26: 
2025-07-04T23:58:26: SyntaxError: Unexpected token ':'
2025-07-04T23:58:26:     at wrapSafe (node:internal/modules/cjs/loader:1662:18)
2025-07-04T23:58:26:     at Module._compile (node:internal/modules/cjs/loader:1704:20)
2025-07-04T23:58:26:     at Object..js (node:internal/modules/cjs/loader:1895:10)
2025-07-04T23:58:26:     at Module.load (node:internal/modules/cjs/loader:1465:32)
2025-07-04T23:58:26:     at Function._load (node:internal/modules/cjs/loader:1282:12)
2025-07-04T23:58:26:     at TracingChannel.traceSync (node:diagnostics_channel:322:14)
2025-07-04T23:58:26:     at wrapModuleLoad (node:internal/modules/cjs/loader:235:24)
2025-07-04T23:58:26:     at Function.executeUserEntryPoint [as runMain] (node:internal/modules/run_main:171:5)
2025-07-04T23:58:26:     at node:internal/main/run_main_module:36:49
2025-07-04T23:58:26: 
2025-07-04T23:58:26: Node.js v22.17.0
2025-07-04T23:58:26: C:\PROGRAM FILES\NODEJS\NPM.CMD:1
2025-07-04T23:58:26: :: Created by npm, please don't edit manually.
2025-07-04T23:58:26: ^
2025-07-04T23:58:26: 
2025-07-04T23:58:26: SyntaxError: Unexpected token ':'
2025-07-04T23:58:26:     at wrapSafe (node:internal/modules/cjs/loader:1662:18)
2025-07-04T23:58:26:     at Module._compile (node:internal/modules/cjs/loader:1704:20)
2025-07-04T23:58:26:     at Object..js (node:internal/modules/cjs/loader:1895:10)
2025-07-04T23:58:26:     at Module.load (node:internal/modules/cjs/loader:1465:32)
2025-07-04T23:58:26:     at Function._load (node:internal/modules/cjs/loader:1282:12)
2025-07-04T23:58:26:     at TracingChannel.traceSync (node:diagnostics_channel:322:14)
2025-07-04T23:58:26:     at wrapModuleLoad (node:internal/modules/cjs/loader:235:24)
2025-07-04T23:58:26:     at Function.executeUserEntryPoint [as runMain] (node:internal/modules/run_main:171:5)
2025-07-04T23:58:26:     at node:internal/main/run_main_module:36:49
2025-07-04T23:58:26: 
2025-07-04T23:58:26: Node.js v22.17.0
2025-07-04T23:58:26: C:\PROGRAM FILES\NODEJS\NPM.CMD:1
2025-07-04T23:58:26: :: Created by npm, please don't edit manually.
2025-07-04T23:58:26: ^
2025-07-04T23:58:26: 
2025-07-04T23:58:26: SyntaxError: Unexpected token ':'
2025-07-04T23:58:26:     at wrapSafe (node:internal/modules/cjs/loader:1662:18)
2025-07-04T23:58:26:     at Module._compile (node:internal/modules/cjs/loader:1704:20)
2025-07-04T23:58:26:     at Object..js (node:internal/modules/cjs/loader:1895:10)
2025-07-04T23:58:26:     at Module.load (node:internal/modules/cjs/loader:1465:32)
2025-07-04T23:58:26:     at Function._load (node:internal/modules/cjs/loader:1282:12)
2025-07-04T23:58:26:     at TracingChannel.traceSync (node:diagnostics_channel:322:14)
2025-07-04T23:58:26:     at wrapModuleLoad (node:internal/modules/cjs/loader:235:24)
2025-07-04T23:58:26:     at Function.executeUserEntryPoint [as runMain] (node:internal/modules/run_main:171:5)
2025-07-04T23:58:26:     at node:internal/main/run_main_module:36:49
2025-07-04T23:58:26: 
2025-07-04T23:58:26: Node.js v22.17.0
2025-07-04T23:58:26: C:\PROGRAM FILES\NODEJS\NPM.CMD:1
2025-07-04T23:58:26: :: Created by npm, please don't edit manually.
2025-07-04T23:58:26: ^
2025-07-04T23:58:26: 
2025-07-04T23:58:26: SyntaxError: Unexpected token ':'
2025-07-04T23:58:26:     at wrapSafe (node:internal/modules/cjs/loader:1662:18)
2025-07-04T23:58:26:     at Module._compile (node:internal/modules/cjs/loader:1704:20)
2025-07-04T23:58:26:     at Object..js (node:internal/modules/cjs/loader:1895:10)
2025-07-04T23:58:26:     at Module.load (node:internal/modules/cjs/loader:1465:32)
2025-07-04T23:58:26:     at Function._load (node:internal/modules/cjs/loader:1282:12)
2025-07-04T23:58:26:     at TracingChannel.traceSync (node:diagnostics_channel:322:14)
2025-07-04T23:58:26:     at wrapModuleLoad (node:internal/modules/cjs/loader:235:24)
2025-07-04T23:58:26:     at Function.executeUserEntryPoint [as runMain] (node:internal/modules/run_main:171:5)
2025-07-04T23:58:26:     at node:internal/main/run_main_module:36:49
2025-07-04T23:58:26: 
2025-07-04T23:58:26: Node.js v22.17.0
